<?xml version="1.0" encoding="UTF-8"?>
<testng-results ignored="0" total="1" passed="1" failed="0" skipped="0">
  <reporter-output>
  </reporter-output>
  <suite started-at="2025-06-30T16:08:41 IST" name="LoginTest" finished-at="2025-06-30T16:08:41 IST" duration-ms="198">
    <groups>
    </groups>
    <test started-at="2025-06-30T16:08:41 IST" name="Command line test" finished-at="2025-06-30T16:08:41 IST" duration-ms="198">
      <class name="LoginTest">
        <test-method is-config="true" signature="launchGoogle()[pri:0, instance:LoginTest@51399530]" started-at="2025-06-30T16:08:39 IST" name="launchGoogle" finished-at="2025-06-30T16:08:41 IST" duration-ms="2130" status="PASS">
          <reporter-output>
          </reporter-output>
        </test-method> <!-- launchGoogle -->
        <test-method signature="performSearch()[pri:0, instance:LoginTest@51399530]" started-at="2025-06-30T16:08:41 IST" name="performSearch" finished-at="2025-06-30T16:08:41 IST" duration-ms="173" status="PASS">
          <reporter-output>
          </reporter-output>
        </test-method> <!-- performSearch -->
        <test-method is-config="true" signature="tearDown()[pri:0, instance:LoginTest@51399530]" started-at="2025-06-30T16:08:41 IST" name="tearDown" finished-at="2025-06-30T16:08:41 IST" duration-ms="218" status="PASS">
          <reporter-output>
          </reporter-output>
        </test-method> <!-- tearDown -->
      </class> <!-- LoginTest -->
    </test> <!-- Command line test -->
  </suite> <!-- LoginTest -->
</testng-results>
