<?xml version="1.0" encoding="UTF-8"?>
<testng-results ignored="0" total="1" passed="1" failed="0" skipped="0">
  <reporter-output>
  </reporter-output>
  <suite started-at="2025-07-01T17:43:12 IST" name="Default suite" finished-at="2025-07-01T17:43:15 IST" duration-ms="3436">
    <groups>
    </groups>
    <test started-at="2025-07-01T17:43:12 IST" name="Default test" finished-at="2025-07-01T17:43:15 IST" duration-ms="3436">
      <class name="LoginTest">
        <test-method is-config="true" signature="launchGoogle()[pri:0, instance:LoginTest@23c30a20]" started-at="2025-07-01T17:43:10 IST" name="launchGoogle" finished-at="2025-07-01T17:43:12 IST" duration-ms="2484" status="PASS">
          <reporter-output>
          </reporter-output>
        </test-method> <!-- launchGoogle -->
        <test-method signature="performSearch()[pri:0, instance:LoginTest@23c30a20]" started-at="2025-07-01T17:43:12 IST" name="performSearch" finished-at="2025-07-01T17:43:15 IST" duration-ms="3402" status="PASS">
          <reporter-output>
          </reporter-output>
        </test-method> <!-- performSearch -->
        <test-method is-config="true" signature="tearDown()[pri:0, instance:LoginTest@23c30a20]" started-at="2025-07-01T17:43:16 IST" name="tearDown" finished-at="2025-07-01T17:43:16 IST" duration-ms="205" status="PASS">
          <reporter-output>
          </reporter-output>
        </test-method> <!-- tearDown -->
      </class> <!-- LoginTest -->
    </test> <!-- Default test -->
  </suite> <!-- Default suite -->
</testng-results>
